{"numTotalTestSuites":2,"numPassedTestSuites":2,"numFailedTestSuites":0,"numPendingTestSuites":0,"numTotalTests":2,"numPassedTests":1,"numFailedTests":1,"numPendingTests":0,"numTodoTests":0,"startTime":1772515894007,"success":false,"testResults":[{"assertionResults":[{"ancestorTitles":["","convertLegacyData with arrays"],"fullName":" convertLegacyData with arrays converts an array of structured JSON documents into an array of FHIR Bundles","status":"failed","title":"converts an array of structured JSON documents into an array of FHIR Bundles","duration":21,"failureMessages":["expected 'e002c5b3-8736-4723-917d-56f564a5bcd4' to be 'PAT-1' // Object.is equality"],"location":{"line":30,"column":48}},{"ancestorTitles":["","convertLegacyData with arrays"],"fullName":" convertLegacyData with arrays still treats flat arrays as a single document (tabular mode)","status":"skipped","title":"still treats flat arrays as a single document (tabular mode)","failureMessages":[]}],"startTime":1772515897038,"endTime":1772515897059,"status":"failed","message":"","name":"D:/scanbo-matrix-fhir-converter/tests/pipeline/array_conversion.test.ts"}]}
